2025-10-19 00:25:02.028 [main] INFO  com.poc.base.AbstractBaseTest - Chrome browser is launched
2025-10-19 00:25:05.178 [main] ERROR com.poc.pages.Poc_Home_page - Recommended product Wnter Top not found with exception: no such element: Unable to locate element: {"method":"xpath","selector":"//div[@class='recommended_items']//p[text()='Wnter Top']//parent::div/a"}
  (Session info: chrome=141.0.7390.78)
For documentation on this error, please visit: https://www.selenium.dev/documentation/webdriver/troubleshooting/errors#no-such-element-exception
Build info: version: '4.34.0', revision: '707dcb4246*'
System info: os.name: 'Windows 10', os.arch: 'amd64', os.version: '10.0', java.version: '21.0.8'
Driver info: org.openqa.selenium.chrome.ChromeDriver
Command: [20dead12b31a3138622613ba06e14f0b, findElement {using=xpath, value=//div[@class='recommended_items']//p[text()='Wnter Top']//parent::div/a}]
Capabilities {acceptInsecureCerts: false, browserName: chrome, browserVersion: 141.0.7390.78, chrome: {chromedriverVersion: 141.0.7390.78 (2b53b0e231fc..., userDataDir: C:\Users\sreehari\AppData\L...}, fedcm:accounts: true, goog:chromeOptions: {debuggerAddress: localhost:51558}, networkConnectionEnabled: false, pageLoadStrategy: normal, platformName: windows, proxy: Proxy(), se:cdp: ws://localhost:51558/devtoo..., se:cdpVersion: 141.0.7390.78, setWindowRect: true, strictFileInteractability: false, timeouts: {implicit: 0, pageLoad: 300000, script: 30000}, unhandledPromptBehavior: dismiss and notify, webauthn:extension:credBlob: true, webauthn:extension:largeBlob: true, webauthn:extension:minPinLength: true, webauthn:extension:prf: true, webauthn:virtualAuthenticators: true}
Session ID: 20dead12b31a3138622613ba06e14f0b
2025-10-19 00:25:05.411 [main] INFO  com.poc.lib.TestAllureReportListener - Attaching screenshot file to Allure: C:\Users\sreehari\eclipse-workspace\poc\.\screenshots\Add_Recommended_Products_ValidationSun-Oct-19-00-25-05-IST-2025.png (229195 bytes)
2025-10-19 00:25:05.584 [main] INFO  com.poc.base.AbstractBaseTest - Screenshot captured for failed method Add_Recommended_Products_Validation
2025-10-19 00:25:05.584 [main] INFO  com.poc.base.AbstractBaseTest - Add_Recommended_Products_Validation failed and captured the screenshot.
2025-10-19 00:25:05.585 [main] INFO  com.poc.base.AbstractBaseTest - -------------------------------------------------------
2025-10-19 00:25:06.407 [main] INFO  com.poc.base.AbstractBaseTest - Chrome browser is launched
2025-10-19 00:25:10.716 [main] INFO  com.poc.base.AbstractBaseTest - Recommended product Stylish Dress added successfully to cart
2025-10-19 00:25:10.722 [main] INFO  com.poc.base.AbstractBaseTest - Add_Recommended_Products_Validation executed successfully.
2025-10-19 00:25:10.722 [main] INFO  com.poc.base.AbstractBaseTest - -------------------------------------------------------
2025-10-19 00:25:11.528 [main] INFO  com.poc.base.AbstractBaseTest - Chrome browser is launched
2025-10-19 00:25:15.179 [main] INFO  com.poc.base.AbstractBaseTest - Recommended product Summer White Top added successfully to cart
2025-10-19 00:25:15.182 [main] INFO  com.poc.base.AbstractBaseTest - Add_Recommended_Products_Validation executed successfully.
2025-10-19 00:25:15.183 [main] INFO  com.poc.base.AbstractBaseTest - -------------------------------------------------------
2025-10-19 00:45:44.490 [main] INFO  com.poc.base.AbstractBaseTest - Chrome browser is launched
2025-10-19 00:45:48.281 [main] ERROR com.poc.pages.Poc_Home_page - Recommended product Wnter Top not found with exception: no such element: Unable to locate element: {"method":"xpath","selector":"//div[@class='recommended_items']//p[text()='Wnter Top']//parent::div/a"}
  (Session info: chrome=141.0.7390.78)
For documentation on this error, please visit: https://www.selenium.dev/documentation/webdriver/troubleshooting/errors#no-such-element-exception
Build info: version: '4.34.0', revision: '707dcb4246*'
System info: os.name: 'Windows 10', os.arch: 'amd64', os.version: '10.0', java.version: '21.0.8'
Driver info: org.openqa.selenium.chrome.ChromeDriver
Command: [e1b555a3e916a4f401f077a287cdeb33, findElement {using=xpath, value=//div[@class='recommended_items']//p[text()='Wnter Top']//parent::div/a}]
Capabilities {acceptInsecureCerts: false, browserName: chrome, browserVersion: 141.0.7390.78, chrome: {chromedriverVersion: 141.0.7390.78 (2b53b0e231fc..., userDataDir: C:\Users\sreehari\AppData\L...}, fedcm:accounts: true, goog:chromeOptions: {debuggerAddress: localhost:51727}, networkConnectionEnabled: false, pageLoadStrategy: normal, platformName: windows, proxy: Proxy(), se:cdp: ws://localhost:51727/devtoo..., se:cdpVersion: 141.0.7390.78, setWindowRect: true, strictFileInteractability: false, timeouts: {implicit: 0, pageLoad: 300000, script: 30000}, unhandledPromptBehavior: dismiss and notify, webauthn:extension:credBlob: true, webauthn:extension:largeBlob: true, webauthn:extension:minPinLength: true, webauthn:extension:prf: true, webauthn:virtualAuthenticators: true}
Session ID: e1b555a3e916a4f401f077a287cdeb33
2025-10-19 00:45:48.511 [main] INFO  com.poc.lib.TestAllureReportListener - Attaching screenshot file to Allure: C:\Users\sreehari\eclipse-workspace\poc\.\screenshots\Add_Recommended_Products_ValidationSun-Oct-19-00-45-48-IST-2025.png (230160 bytes)
2025-10-19 00:45:48.670 [main] INFO  com.poc.base.AbstractBaseTest - Screenshot captured for failed method Add_Recommended_Products_Validation
2025-10-19 00:45:48.670 [main] INFO  com.poc.base.AbstractBaseTest - Add_Recommended_Products_Validation failed and captured the screenshot.
2025-10-19 00:45:48.670 [main] INFO  com.poc.base.AbstractBaseTest - -------------------------------------------------------
2025-10-19 00:45:49.496 [main] INFO  com.poc.base.AbstractBaseTest - Chrome browser is launched
2025-10-19 00:46:03.809 [main] ERROR com.poc.pages.Poc_Products_Page - View cart link click failed with exception: Expected condition failed: waiting for visibility of [[ChromeDriver: chrome on windows (a489f2980005559be2b2cf508e1d8182)] -> xpath: //u[text()='View Cart']] (tried for 10 second(s) with 500 milliseconds interval)
Build info: version: '4.34.0', revision: '707dcb4246*'
System info: os.name: 'Windows 10', os.arch: 'amd64', os.version: '10.0', java.version: '21.0.8'
Driver info: org.openqa.selenium.chrome.ChromeDriver
Capabilities {acceptInsecureCerts: false, browserName: chrome, browserVersion: 141.0.7390.78, chrome: {chromedriverVersion: 141.0.7390.78 (2b53b0e231fc..., userDataDir: C:\Users\sreehari\AppData\L...}, fedcm:accounts: true, goog:chromeOptions: {debuggerAddress: localhost:51753}, networkConnectionEnabled: false, pageLoadStrategy: normal, platformName: windows, proxy: Proxy(), se:cdp: ws://localhost:51753/devtoo..., se:cdpVersion: 141.0.7390.78, setWindowRect: true, strictFileInteractability: false, timeouts: {implicit: 0, pageLoad: 300000, script: 30000}, unhandledPromptBehavior: dismiss and notify, webauthn:extension:credBlob: true, webauthn:extension:largeBlob: true, webauthn:extension:minPinLength: true, webauthn:extension:prf: true, webauthn:virtualAuthenticators: true}
Session ID: a489f2980005559be2b2cf508e1d8182
2025-10-19 00:46:03.936 [main] INFO  com.poc.lib.TestAllureReportListener - Attaching screenshot file to Allure: C:\Users\sreehari\eclipse-workspace\poc\.\screenshots\Add_Recommended_Products_ValidationSun-Oct-19-00-46-03-IST-2025.png (236718 bytes)
2025-10-19 00:46:04.075 [main] INFO  com.poc.base.AbstractBaseTest - Screenshot captured for failed method Add_Recommended_Products_Validation
2025-10-19 00:46:04.077 [main] INFO  com.poc.base.AbstractBaseTest - Add_Recommended_Products_Validation failed and captured the screenshot.
2025-10-19 00:46:04.077 [main] INFO  com.poc.base.AbstractBaseTest - -------------------------------------------------------
2025-10-19 00:46:04.929 [main] INFO  com.poc.base.AbstractBaseTest - Chrome browser is launched
2025-10-19 00:46:09.779 [main] INFO  com.poc.base.AbstractBaseTest - Recommended product Summer White Top added successfully to cart
2025-10-19 00:46:09.783 [main] INFO  com.poc.base.AbstractBaseTest - Add_Recommended_Products_Validation executed successfully.
2025-10-19 00:46:09.783 [main] INFO  com.poc.base.AbstractBaseTest - -------------------------------------------------------
2025-10-19 00:54:21.527 [main] INFO  com.poc.base.AbstractBaseTest - Chrome browser is launched
2025-10-19 00:54:24.479 [main] ERROR com.poc.pages.Poc_Home_page - Recommended product Wnter Top not found with exception: no such element: Unable to locate element: {"method":"xpath","selector":"//div[@class='recommended_items']//p[text()='Wnter Top']//parent::div/a"}
  (Session info: chrome=141.0.7390.78)
For documentation on this error, please visit: https://www.selenium.dev/documentation/webdriver/troubleshooting/errors#no-such-element-exception
Build info: version: '4.34.0', revision: '707dcb4246*'
System info: os.name: 'Windows 10', os.arch: 'amd64', os.version: '10.0', java.version: '21.0.8'
Driver info: org.openqa.selenium.chrome.ChromeDriver
Command: [b1a228f6391debdded63fd9fff3c6686, findElement {using=xpath, value=//div[@class='recommended_items']//p[text()='Wnter Top']//parent::div/a}]
Capabilities {acceptInsecureCerts: false, browserName: chrome, browserVersion: 141.0.7390.78, chrome: {chromedriverVersion: 141.0.7390.78 (2b53b0e231fc..., userDataDir: C:\Users\sreehari\AppData\L...}, fedcm:accounts: true, goog:chromeOptions: {debuggerAddress: localhost:51910}, networkConnectionEnabled: false, pageLoadStrategy: normal, platformName: windows, proxy: Proxy(), se:cdp: ws://localhost:51910/devtoo..., se:cdpVersion: 141.0.7390.78, setWindowRect: true, strictFileInteractability: false, timeouts: {implicit: 0, pageLoad: 300000, script: 30000}, unhandledPromptBehavior: dismiss and notify, webauthn:extension:credBlob: true, webauthn:extension:largeBlob: true, webauthn:extension:minPinLength: true, webauthn:extension:prf: true, webauthn:virtualAuthenticators: true}
Session ID: b1a228f6391debdded63fd9fff3c6686
2025-10-19 00:54:24.693 [main] INFO  com.poc.lib.TestAllureReportListener - Attaching screenshot file to Allure: C:\Users\sreehari\eclipse-workspace\poc\.\screenshots\Add_Recommended_Products_ValidationSun-Oct-19-00-54-24-IST-2025.png (229958 bytes)
2025-10-19 00:54:24.863 [main] INFO  com.poc.base.AbstractBaseTest - Screenshot captured for failed method Add_Recommended_Products_Validation
2025-10-19 00:54:24.863 [main] INFO  com.poc.base.AbstractBaseTest - Add_Recommended_Products_Validation failed and captured the screenshot.
2025-10-19 00:54:24.864 [main] INFO  com.poc.base.AbstractBaseTest - -------------------------------------------------------
2025-10-19 00:54:25.678 [main] INFO  com.poc.base.AbstractBaseTest - Chrome browser is launched
2025-10-19 00:54:30.141 [main] INFO  com.poc.base.AbstractBaseTest - Recommended product Stylish Dress added successfully to cart
2025-10-19 00:54:30.146 [main] INFO  com.poc.base.AbstractBaseTest - Add_Recommended_Products_Validation executed successfully.
2025-10-19 00:54:30.146 [main] INFO  com.poc.base.AbstractBaseTest - -------------------------------------------------------
2025-10-19 00:54:30.932 [main] INFO  com.poc.base.AbstractBaseTest - Chrome browser is launched
2025-10-19 00:54:34.970 [main] INFO  com.poc.base.AbstractBaseTest - Recommended product Summer White Top added successfully to cart
2025-10-19 00:54:34.973 [main] INFO  com.poc.base.AbstractBaseTest - Add_Recommended_Products_Validation executed successfully.
2025-10-19 00:54:34.974 [main] INFO  com.poc.base.AbstractBaseTest - -------------------------------------------------------
2025-10-19 00:56:53.763 [main] INFO  com.poc.base.AbstractBaseTest - Edge browser is launched
2025-10-19 00:56:57.482 [main] ERROR com.poc.pages.Poc_Home_page - Recommended product Wnter Top not found with exception: no such element: Unable to locate element: {"method":"xpath","selector":"//div[@class='recommended_items']//p[text()='Wnter Top']//parent::div/a"}
  (Session info: MicrosoftEdge=141.0.3537.85)
For documentation on this error, please visit: https://www.selenium.dev/documentation/webdriver/troubleshooting/errors#no-such-element-exception
Build info: version: '4.34.0', revision: '707dcb4246*'
System info: os.name: 'Windows 10', os.arch: 'amd64', os.version: '10.0', java.version: '21.0.8'
Driver info: org.openqa.selenium.edge.EdgeDriver
Command: [a873b2e0d04deaa1d31477c457e0572f, findElement {value=//div[@class='recommended_items']//p[text()='Wnter Top']//parent::div/a, using=xpath}]
Capabilities {acceptInsecureCerts: false, browserName: MicrosoftEdge, browserVersion: 141.0.3537.85, fedcm:accounts: true, ms:edgeOptions: {debuggerAddress: localhost:51997}, msedge: {msedgedriverVersion: 140.0.3485.94 (9831641b47fb..., userDataDir: C:\Users\sreehari\AppData\L...}, networkConnectionEnabled: false, pageLoadStrategy: normal, platformName: windows, proxy: Proxy(), se:cdp: ws://localhost:51997/devtoo..., se:cdpVersion: 141.0.3537.85, setWindowRect: true, strictFileInteractability: false, timeouts: {implicit: 0, pageLoad: 300000, script: 30000}, unhandledPromptBehavior: dismiss and notify, webauthn:extension:credBlob: true, webauthn:extension:largeBlob: true, webauthn:extension:minPinLength: true, webauthn:extension:prf: true, webauthn:virtualAuthenticators: true}
Session ID: a873b2e0d04deaa1d31477c457e0572f
2025-10-19 00:56:57.677 [main] INFO  com.poc.lib.TestAllureReportListener - Attaching screenshot file to Allure: C:\Users\sreehari\eclipse-workspace\poc\.\screenshots\Add_Recommended_Products_ValidationSun-Oct-19-00-56-57-IST-2025.png (228250 bytes)
2025-10-19 00:56:57.845 [main] INFO  com.poc.base.AbstractBaseTest - Screenshot captured for failed method Add_Recommended_Products_Validation
2025-10-19 00:56:57.845 [main] INFO  com.poc.base.AbstractBaseTest - Add_Recommended_Products_Validation failed and captured the screenshot.
2025-10-19 00:56:57.845 [main] INFO  com.poc.base.AbstractBaseTest - -------------------------------------------------------
2025-10-19 00:56:58.646 [main] INFO  com.poc.base.AbstractBaseTest - Edge browser is launched
2025-10-19 00:57:05.719 [main] INFO  com.poc.base.AbstractBaseTest - Recommended product Stylish Dress added successfully to cart
2025-10-19 00:57:05.723 [main] INFO  com.poc.base.AbstractBaseTest - Add_Recommended_Products_Validation executed successfully.
2025-10-19 00:57:05.723 [main] INFO  com.poc.base.AbstractBaseTest - -------------------------------------------------------
2025-10-19 00:57:06.552 [main] INFO  com.poc.base.AbstractBaseTest - Edge browser is launched
2025-10-19 00:57:10.977 [main] INFO  com.poc.base.AbstractBaseTest - Recommended product Summer White Top added successfully to cart
2025-10-19 00:57:10.980 [main] INFO  com.poc.base.AbstractBaseTest - Add_Recommended_Products_Validation executed successfully.
2025-10-19 00:57:10.980 [main] INFO  com.poc.base.AbstractBaseTest - -------------------------------------------------------
2025-10-19 00:59:44.160 [main] INFO  com.poc.base.AbstractBaseTest - Edge browser is launched
2025-10-19 00:59:54.833 [main] INFO  com.poc.base.AbstractBaseTest - Add_Products_To_Cart_Validation executed successfully.
2025-10-19 00:59:54.833 [main] INFO  com.poc.base.AbstractBaseTest - -------------------------------------------------------
2025-10-19 00:59:55.695 [main] INFO  com.poc.base.AbstractBaseTest - Edge browser is launched
2025-10-19 00:59:58.218 [main] ERROR com.poc.pages.Poc_Home_page - Recommended product Wnter Top not found with exception: no such element: Unable to locate element: {"method":"xpath","selector":"//div[@class='recommended_items']//p[text()='Wnter Top']//parent::div/a"}
  (Session info: MicrosoftEdge=141.0.3537.85)
For documentation on this error, please visit: https://www.selenium.dev/documentation/webdriver/troubleshooting/errors#no-such-element-exception
Build info: version: '4.34.0', revision: '707dcb4246*'
System info: os.name: 'Windows 10', os.arch: 'amd64', os.version: '10.0', java.version: '21.0.8'
Driver info: org.openqa.selenium.edge.EdgeDriver
Command: [fa9accf06dfce8044118ea1ef65eb904, findElement {value=//div[@class='recommended_items']//p[text()='Wnter Top']//parent::div/a, using=xpath}]
Capabilities {acceptInsecureCerts: false, browserName: MicrosoftEdge, browserVersion: 141.0.3537.85, fedcm:accounts: true, ms:edgeOptions: {debuggerAddress: localhost:52244}, msedge: {msedgedriverVersion: 140.0.3485.94 (9831641b47fb..., userDataDir: C:\Users\sreehari\AppData\L...}, networkConnectionEnabled: false, pageLoadStrategy: normal, platformName: windows, proxy: Proxy(), se:cdp: ws://localhost:52244/devtoo..., se:cdpVersion: 141.0.3537.85, setWindowRect: true, strictFileInteractability: false, timeouts: {implicit: 0, pageLoad: 300000, script: 30000}, unhandledPromptBehavior: dismiss and notify, webauthn:extension:credBlob: true, webauthn:extension:largeBlob: true, webauthn:extension:minPinLength: true, webauthn:extension:prf: true, webauthn:virtualAuthenticators: true}
Session ID: fa9accf06dfce8044118ea1ef65eb904
2025-10-19 00:59:58.399 [main] INFO  com.poc.lib.TestAllureReportListener - Attaching screenshot file to Allure: C:\Users\sreehari\eclipse-workspace\poc\.\screenshots\Add_Recommended_Products_ValidationSun-Oct-19-00-59-58-IST-2025.png (228252 bytes)
2025-10-19 00:59:58.564 [main] INFO  com.poc.base.AbstractBaseTest - Screenshot captured for failed method Add_Recommended_Products_Validation
2025-10-19 00:59:58.564 [main] INFO  com.poc.base.AbstractBaseTest - Add_Recommended_Products_Validation failed and captured the screenshot.
2025-10-19 00:59:58.564 [main] INFO  com.poc.base.AbstractBaseTest - -------------------------------------------------------
2025-10-19 00:59:59.378 [main] INFO  com.poc.base.AbstractBaseTest - Edge browser is launched
2025-10-19 01:00:03.300 [main] INFO  com.poc.base.AbstractBaseTest - Recommended product Stylish Dress added successfully to cart
2025-10-19 01:00:03.303 [main] INFO  com.poc.base.AbstractBaseTest - Add_Recommended_Products_Validation executed successfully.
2025-10-19 01:00:03.303 [main] INFO  com.poc.base.AbstractBaseTest - -------------------------------------------------------
2025-10-19 01:00:04.111 [main] INFO  com.poc.base.AbstractBaseTest - Edge browser is launched
2025-10-19 01:00:08.758 [main] INFO  com.poc.base.AbstractBaseTest - Recommended product Summer White Top added successfully to cart
2025-10-19 01:00:08.762 [main] INFO  com.poc.base.AbstractBaseTest - Add_Recommended_Products_Validation executed successfully.
2025-10-19 01:00:08.762 [main] INFO  com.poc.base.AbstractBaseTest - -------------------------------------------------------
2025-10-19 01:00:09.551 [main] INFO  com.poc.base.AbstractBaseTest - Edge browser is launched
2025-10-19 01:00:13.663 [main] INFO  com.poc.base.AbstractBaseTest - Add_Review_On_Product_Validation executed successfully.
2025-10-19 01:00:13.663 [main] INFO  com.poc.base.AbstractBaseTest - -------------------------------------------------------
2025-10-19 01:00:14.470 [main] INFO  com.poc.base.AbstractBaseTest - Edge browser is launched
2025-10-19 01:00:30.074 [main] INFO  com.poc.base.AbstractBaseTest - Contact_Us_Form_Validation executed successfully.
2025-10-19 01:00:30.074 [main] INFO  com.poc.base.AbstractBaseTest - -------------------------------------------------------
2025-10-19 01:00:30.888 [main] INFO  com.poc.base.AbstractBaseTest - Edge browser is launched
2025-10-19 01:00:35.337 [main] ERROR com.poc.pages.Poc_SignupOrLoginPage - Login failed with exception: element click intercepted: Element <button type="submit" data-qa="login-button" class="btn btn-default">...</button> is not clickable at point (159, 433). Other element would receive the click: <iframe id="aswift_3" name="aswift_3" browsingtopics="true" style="min-height: auto; max-height: none; min-width: auto; max-width: none; width: 1013px !important; height: 156px !important; display: block; margin: 0px auto;" sandbox="allow-forms allow-popups allow-popups-to-escape-sandbox allow-same-origin allow-scripts allow-top-navigation-by-user-activation" width="1013" height="156" frameborder="0" marginwidth="0" marginheight="0" vspace="0" hspace="0" allowtransparency="true" scrolling="no" allow="attribution-reporting; run-ad-auction" src="https://googleads.g.doubleclick.net/pagead/html/r20251016/r20190131/zrt_lookup_fy2021.html#RS-0-&amp;adk=1812271801&amp;client=ca-pub-1677597403311019&amp;fa=1&amp;ifi=4&amp;uci=a!4&amp;btvi=3" data-google-container-id="a!4" tabindex="0" title="Advertisement" aria-label="Advertisement" data-google-query-id="CO_GupG-rpADFT-NZgIdCQU1qQ" data-load-complete="true"></iframe>
  (Session info: MicrosoftEdge=141.0.3537.85)
Build info: version: '4.34.0', revision: '707dcb4246*'
System info: os.name: 'Windows 10', os.arch: 'amd64', os.version: '10.0', java.version: '21.0.8'
Driver info: org.openqa.selenium.edge.EdgeDriver
Command: [b9fb05f6f6900adcde65467ba5394d81, clickElement {id=f.B2AD2C623F86527FE14AE0FCD89FE539.d.35BC33063E7FA9E019B021D2E9259659.e.41}]
Capabilities {acceptInsecureCerts: false, browserName: MicrosoftEdge, browserVersion: 141.0.3537.85, fedcm:accounts: true, ms:edgeOptions: {debuggerAddress: localhost:52415}, msedge: {msedgedriverVersion: 140.0.3485.94 (9831641b47fb..., userDataDir: C:\Users\sreehari\AppData\L...}, networkConnectionEnabled: false, pageLoadStrategy: normal, platformName: windows, proxy: Proxy(), se:cdp: ws://localhost:52415/devtoo..., se:cdpVersion: 141.0.3537.85, setWindowRect: true, strictFileInteractability: false, timeouts: {implicit: 0, pageLoad: 300000, script: 30000}, unhandledPromptBehavior: dismiss and notify, webauthn:extension:credBlob: true, webauthn:extension:largeBlob: true, webauthn:extension:minPinLength: true, webauthn:extension:prf: true, webauthn:virtualAuthenticators: true}
Element: [[EdgeDriver: MicrosoftEdge on windows (b9fb05f6f6900adcde65467ba5394d81)] -> xpath: //button[text()='Login']]
Session ID: b9fb05f6f6900adcde65467ba5394d81
2025-10-19 01:00:35.490 [main] INFO  com.poc.lib.TestAllureReportListener - Attaching screenshot file to Allure: C:\Users\sreehari\eclipse-workspace\poc\.\screenshots\Invalid_Login_ValidationSun-Oct-19-01-00-35-IST-2025.png (221694 bytes)
2025-10-19 01:00:35.620 [main] INFO  com.poc.base.AbstractBaseTest - Screenshot captured for failed method Invalid_Login_Validation
2025-10-19 01:00:35.621 [main] INFO  com.poc.base.AbstractBaseTest - Invalid_Login_Validation failed and captured the screenshot.
2025-10-19 01:00:35.621 [main] INFO  com.poc.base.AbstractBaseTest - -------------------------------------------------------
2025-10-19 01:00:36.586 [main] INFO  com.poc.base.AbstractBaseTest - Edge browser is launched
2025-10-19 01:00:40.364 [main] ERROR com.poc.pages.Poc_AccountInfo_Page - User login check failed with exception: no such element: Unable to locate element: {"method":"xpath","selector":"//a[text()=' Logged in as ']/b[text()='sreehari aderu']"}
  (Session info: MicrosoftEdge=141.0.3537.85)
For documentation on this error, please visit: https://www.selenium.dev/documentation/webdriver/troubleshooting/errors#no-such-element-exception
Build info: version: '4.34.0', revision: '707dcb4246*'
System info: os.name: 'Windows 10', os.arch: 'amd64', os.version: '10.0', java.version: '21.0.8'
Driver info: org.openqa.selenium.edge.EdgeDriver
Command: [21eafcb8d0b91540c7a084f41c179421, findElement {value=//a[text()=' Logged in as ']/b[text()='sreehari aderu'], using=xpath}]
Capabilities {acceptInsecureCerts: false, browserName: MicrosoftEdge, browserVersion: 141.0.3537.85, fedcm:accounts: true, ms:edgeOptions: {debuggerAddress: localhost:52454}, msedge: {msedgedriverVersion: 140.0.3485.94 (9831641b47fb..., userDataDir: C:\Users\sreehari\AppData\L...}, networkConnectionEnabled: false, pageLoadStrategy: normal, platformName: windows, proxy: Proxy(), se:cdp: ws://localhost:52454/devtoo..., se:cdpVersion: 141.0.3537.85, setWindowRect: true, strictFileInteractability: false, timeouts: {implicit: 0, pageLoad: 300000, script: 30000}, unhandledPromptBehavior: dismiss and notify, webauthn:extension:credBlob: true, webauthn:extension:largeBlob: true, webauthn:extension:minPinLength: true, webauthn:extension:prf: true, webauthn:virtualAuthenticators: true}
Session ID: 21eafcb8d0b91540c7a084f41c179421
2025-10-19 01:00:40.554 [main] INFO  com.poc.lib.TestAllureReportListener - Attaching screenshot file to Allure: C:\Users\sreehari\eclipse-workspace\poc\.\screenshots\Login_ValidationSun-Oct-19-01-00-40-IST-2025.png (75151 bytes)
2025-10-19 01:00:40.647 [main] INFO  com.poc.base.AbstractBaseTest - Screenshot captured for failed method Login_Validation
2025-10-19 01:00:40.648 [main] INFO  com.poc.base.AbstractBaseTest - Login_Validation failed and captured the screenshot.
2025-10-19 01:00:40.648 [main] INFO  com.poc.base.AbstractBaseTest - -------------------------------------------------------
2025-10-19 01:00:41.525 [main] INFO  com.poc.base.AbstractBaseTest - Edge browser is launched
2025-10-19 01:00:47.285 [main] INFO  com.poc.base.AbstractBaseTest - Logout_Validation executed successfully.
2025-10-19 01:00:47.285 [main] INFO  com.poc.base.AbstractBaseTest - -------------------------------------------------------
2025-10-19 01:00:48.150 [main] INFO  com.poc.base.AbstractBaseTest - Edge browser is launched
2025-10-19 01:00:53.485 [main] INFO  com.poc.base.AbstractBaseTest - Product_Quantity_In_Cart_Validation executed successfully.
2025-10-19 01:00:53.485 [main] INFO  com.poc.base.AbstractBaseTest - -------------------------------------------------------
2025-10-19 01:00:54.365 [main] INFO  com.poc.base.AbstractBaseTest - Edge browser is launched
2025-10-19 01:01:03.139 [main] INFO  com.poc.base.AbstractBaseTest - Register_User_Validation executed successfully.
2025-10-19 01:01:03.140 [main] INFO  com.poc.base.AbstractBaseTest - -------------------------------------------------------
2025-10-19 01:01:04.024 [main] INFO  com.poc.base.AbstractBaseTest - Edge browser is launched
2025-10-19 01:01:07.997 [main] INFO  com.poc.base.AbstractBaseTest - Register_User_With_Existing_Email_Validation executed successfully.
2025-10-19 01:01:07.997 [main] INFO  com.poc.base.AbstractBaseTest - -------------------------------------------------------
2025-10-19 01:01:08.904 [main] INFO  com.poc.base.AbstractBaseTest - Edge browser is launched
2025-10-19 01:01:12.587 [main] INFO  com.poc.base.AbstractBaseTest - Recommended product Winter Top added successfully to cart
2025-10-19 01:01:13.262 [main] INFO  com.poc.base.AbstractBaseTest - Remove_Product_From_Cart_Validation executed successfully.
2025-10-19 01:01:13.262 [main] INFO  com.poc.base.AbstractBaseTest - -------------------------------------------------------
2025-10-19 01:01:14.127 [main] INFO  com.poc.base.AbstractBaseTest - Edge browser is launched
2025-10-19 01:01:16.025 [main] INFO  com.poc.base.AbstractBaseTest - Scroll_Up_Without_Using_Arrow_And_Scroll_down_Validation executed successfully.
2025-10-19 01:01:16.025 [main] INFO  com.poc.base.AbstractBaseTest - -------------------------------------------------------
2025-10-19 01:01:16.900 [main] INFO  com.poc.base.AbstractBaseTest - Edge browser is launched
2025-10-19 01:01:19.682 [main] INFO  com.poc.base.AbstractBaseTest - Scroll_Up_using_Arrow_And_Scroll_down_Validation executed successfully.
2025-10-19 01:01:19.682 [main] INFO  com.poc.base.AbstractBaseTest - -------------------------------------------------------
2025-10-19 01:01:20.560 [main] INFO  com.poc.base.AbstractBaseTest - Edge browser is launched
2025-10-19 01:01:27.501 [main] ERROR com.poc.pages.Poc_Products_Page - Search button click failed with exception: element click intercepted: Element <button type="button" id="submit_search" class="btn btn-default btn-lg">...</button> is not clickable at point (477, 473). Other element would receive the click: <iframe id="aswift_4" name="aswift_4" browsingtopics="true" style="min-height: auto; max-height: none; min-width: auto; max-width: none; width: 1005px !important; height: 124px !important; display: block; margin: 0px auto;" sandbox="allow-forms allow-popups allow-popups-to-escape-sandbox allow-same-origin allow-scripts allow-top-navigation-by-user-activation" width="1005" height="124" frameborder="0" marginwidth="0" marginheight="0" vspace="0" hspace="0" allowtransparency="true" scrolling="no" allow="attribution-reporting; run-ad-auction" src="https://googleads.g.doubleclick.net/pagead/html/r20251016/r20190131/zrt_lookup_fy2021.html#RS-0-&amp;adk=1812271801&amp;client=ca-pub-1677597403311019&amp;fa=1&amp;ifi=5&amp;uci=a!5&amp;btvi=2" data-google-container-id="a!5" tabindex="0" title="Advertisement" aria-label="Advertisement" data-google-query-id="CK3rlaq-rpADFb-IrAIdoBIMOA" data-load-complete="true"></iframe>
  (Session info: MicrosoftEdge=141.0.3537.85)
Build info: version: '4.34.0', revision: '707dcb4246*'
System info: os.name: 'Windows 10', os.arch: 'amd64', os.version: '10.0', java.version: '21.0.8'
Driver info: org.openqa.selenium.edge.EdgeDriver
Command: [21fb765cf5dd0810de74eb6cfed81afa, clickElement {id=f.B393F1B9DD88F847775C94A845132392.d.CBDC5C4035159666DFCDD31935192016.e.41}]
Capabilities {acceptInsecureCerts: false, browserName: MicrosoftEdge, browserVersion: 141.0.3537.85, fedcm:accounts: true, ms:edgeOptions: {debuggerAddress: localhost:52692}, msedge: {msedgedriverVersion: 140.0.3485.94 (9831641b47fb..., userDataDir: C:\Users\sreehari\AppData\L...}, networkConnectionEnabled: false, pageLoadStrategy: normal, platformName: windows, proxy: Proxy(), se:cdp: ws://localhost:52692/devtoo..., se:cdpVersion: 141.0.3537.85, setWindowRect: true, strictFileInteractability: false, timeouts: {implicit: 0, pageLoad: 300000, script: 30000}, unhandledPromptBehavior: dismiss and notify, webauthn:extension:credBlob: true, webauthn:extension:largeBlob: true, webauthn:extension:minPinLength: true, webauthn:extension:prf: true, webauthn:virtualAuthenticators: true}
Element: [[EdgeDriver: MicrosoftEdge on windows (21fb765cf5dd0810de74eb6cfed81afa)] -> id: submit_search]
Session ID: 21fb765cf5dd0810de74eb6cfed81afa
2025-10-19 01:01:27.650 [main] INFO  com.poc.lib.TestAllureReportListener - Attaching screenshot file to Allure: C:\Users\sreehari\eclipse-workspace\poc\.\screenshots\Search_Products_ValidationSun-Oct-19-01-01-27-IST-2025.png (322773 bytes)
2025-10-19 01:01:27.773 [main] INFO  com.poc.base.AbstractBaseTest - Screenshot captured for failed method Search_Products_Validation
2025-10-19 01:01:27.774 [main] INFO  com.poc.base.AbstractBaseTest - Search_Products_Validation failed and captured the screenshot.
2025-10-19 01:01:27.774 [main] INFO  com.poc.base.AbstractBaseTest - -------------------------------------------------------
2025-10-19 01:01:28.658 [main] INFO  com.poc.base.AbstractBaseTest - Edge browser is launched
2025-10-19 01:01:31.921 [main] INFO  com.poc.base.AbstractBaseTest - Subscription_Validation executed successfully.
2025-10-19 01:01:31.921 [main] INFO  com.poc.base.AbstractBaseTest - -------------------------------------------------------
2025-10-19 01:01:32.769 [main] INFO  com.poc.base.AbstractBaseTest - Edge browser is launched
2025-10-19 01:01:35.102 [main] INFO  com.poc.base.AbstractBaseTest - Testcases_Page_Validation executed successfully.
2025-10-19 01:01:35.102 [main] INFO  com.poc.base.AbstractBaseTest - -------------------------------------------------------
2025-10-19 01:01:35.978 [main] INFO  com.poc.base.AbstractBaseTest - Edge browser is launched
2025-10-19 01:01:43.623 [main] INFO  com.poc.base.AbstractBaseTest - View_Brand_Products_Validation executed successfully.
2025-10-19 01:01:43.623 [main] INFO  com.poc.base.AbstractBaseTest - -------------------------------------------------------
2025-10-19 01:01:44.491 [main] INFO  com.poc.base.AbstractBaseTest - Edge browser is launched
2025-10-19 01:01:55.017 [main] INFO  com.poc.base.AbstractBaseTest - View_Category_Products_Validation executed successfully.
2025-10-19 01:01:55.017 [main] INFO  com.poc.base.AbstractBaseTest - -------------------------------------------------------
2025-10-19 01:01:55.882 [main] INFO  com.poc.base.AbstractBaseTest - Edge browser is launched
2025-10-19 01:01:59.511 [main] INFO  com.poc.base.AbstractBaseTest - scubscription_In_Cart_Page_Validation executed successfully.
2025-10-19 01:01:59.511 [main] INFO  com.poc.base.AbstractBaseTest - -------------------------------------------------------
2025-10-19 01:07:58.774 [main] INFO  com.poc.base.AbstractBaseTest - Chrome browser is launched
2025-10-19 01:08:11.411 [main] INFO  com.poc.base.AbstractBaseTest - Add_Products_To_Cart_Validation executed successfully.
2025-10-19 01:08:11.411 [main] INFO  com.poc.base.AbstractBaseTest - -------------------------------------------------------
2025-10-19 01:08:12.292 [main] INFO  com.poc.base.AbstractBaseTest - Chrome browser is launched
2025-10-19 01:08:15.026 [main] ERROR com.poc.pages.Poc_Home_page - Recommended product Wnter Top not found with exception: no such element: Unable to locate element: {"method":"xpath","selector":"//div[@class='recommended_items']//p[text()='Wnter Top']//parent::div/a"}
  (Session info: chrome=141.0.7390.78)
For documentation on this error, please visit: https://www.selenium.dev/documentation/webdriver/troubleshooting/errors#no-such-element-exception
Build info: version: '4.34.0', revision: '707dcb4246*'
System info: os.name: 'Windows 10', os.arch: 'amd64', os.version: '10.0', java.version: '21.0.8'
Driver info: org.openqa.selenium.chrome.ChromeDriver
Command: [735811aa9861f196d196875a351d0186, findElement {using=xpath, value=//div[@class='recommended_items']//p[text()='Wnter Top']//parent::div/a}]
Capabilities {acceptInsecureCerts: false, browserName: chrome, browserVersion: 141.0.7390.78, chrome: {chromedriverVersion: 141.0.7390.78 (2b53b0e231fc..., userDataDir: C:\Users\sreehari\AppData\L...}, fedcm:accounts: true, goog:chromeOptions: {debuggerAddress: localhost:53007}, networkConnectionEnabled: false, pageLoadStrategy: normal, platformName: windows, proxy: Proxy(), se:cdp: ws://localhost:53007/devtoo..., se:cdpVersion: 141.0.7390.78, setWindowRect: true, strictFileInteractability: false, timeouts: {implicit: 0, pageLoad: 300000, script: 30000}, unhandledPromptBehavior: dismiss and notify, webauthn:extension:credBlob: true, webauthn:extension:largeBlob: true, webauthn:extension:minPinLength: true, webauthn:extension:prf: true, webauthn:virtualAuthenticators: true}
Session ID: 735811aa9861f196d196875a351d0186
2025-10-19 01:08:15.206 [main] INFO  com.poc.lib.TestAllureReportListener - Attaching screenshot file to Allure: C:\Users\sreehari\eclipse-workspace\poc\.\screenshots\Add_Recommended_Products_ValidationSun-Oct-19-01-08-15-IST-2025.png (229793 bytes)
2025-10-19 01:08:15.356 [main] INFO  com.poc.base.AbstractBaseTest - Screenshot captured for failed method Add_Recommended_Products_Validation
2025-10-19 01:08:15.356 [main] INFO  com.poc.base.AbstractBaseTest - Add_Recommended_Products_Validation failed and captured the screenshot.
2025-10-19 01:08:15.356 [main] INFO  com.poc.base.AbstractBaseTest - -------------------------------------------------------
2025-10-19 01:08:16.149 [main] INFO  com.poc.base.AbstractBaseTest - Chrome browser is launched
2025-10-19 01:08:20.596 [main] INFO  com.poc.base.AbstractBaseTest - Recommended product Stylish Dress added successfully to cart
2025-10-19 01:08:20.600 [main] INFO  com.poc.base.AbstractBaseTest - Add_Recommended_Products_Validation executed successfully.
2025-10-19 01:08:20.600 [main] INFO  com.poc.base.AbstractBaseTest - -------------------------------------------------------
2025-10-19 01:08:21.398 [main] INFO  com.poc.base.AbstractBaseTest - Chrome browser is launched
2025-10-19 01:08:25.503 [main] INFO  com.poc.base.AbstractBaseTest - Recommended product Summer White Top added successfully to cart
2025-10-19 01:08:25.508 [main] INFO  com.poc.base.AbstractBaseTest - Add_Recommended_Products_Validation executed successfully.
2025-10-19 01:08:25.508 [main] INFO  com.poc.base.AbstractBaseTest - -------------------------------------------------------
2025-10-19 01:08:26.351 [main] INFO  com.poc.base.AbstractBaseTest - Chrome browser is launched
2025-10-19 01:08:31.758 [main] INFO  com.poc.base.AbstractBaseTest - Add_Review_On_Product_Validation executed successfully.
2025-10-19 01:08:31.758 [main] INFO  com.poc.base.AbstractBaseTest - -------------------------------------------------------
2025-10-19 01:08:32.599 [main] INFO  com.poc.base.AbstractBaseTest - Chrome browser is launched
2025-10-19 01:08:38.293 [main] INFO  com.poc.base.AbstractBaseTest - Contact_Us_Form_Validation executed successfully.
2025-10-19 01:08:38.293 [main] INFO  com.poc.base.AbstractBaseTest - -------------------------------------------------------
2025-10-19 01:08:39.076 [main] INFO  com.poc.base.AbstractBaseTest - Chrome browser is launched
2025-10-19 01:08:43.445 [main] INFO  com.poc.base.AbstractBaseTest - Invalid_Login_Validation executed successfully.
2025-10-19 01:08:43.445 [main] INFO  com.poc.base.AbstractBaseTest - -------------------------------------------------------
2025-10-19 01:08:44.265 [main] INFO  com.poc.base.AbstractBaseTest - Chrome browser is launched
2025-10-19 01:08:47.365 [main] ERROR com.poc.pages.Poc_AccountInfo_Page - User login check failed with exception: no such element: Unable to locate element: {"method":"xpath","selector":"//a[text()=' Logged in as ']/b[text()='sreehari aderu']"}
  (Session info: chrome=141.0.7390.78)
For documentation on this error, please visit: https://www.selenium.dev/documentation/webdriver/troubleshooting/errors#no-such-element-exception
Build info: version: '4.34.0', revision: '707dcb4246*'
System info: os.name: 'Windows 10', os.arch: 'amd64', os.version: '10.0', java.version: '21.0.8'
Driver info: org.openqa.selenium.chrome.ChromeDriver
Command: [5f3df906b69cb0c0238929fd77cc0685, findElement {using=xpath, value=//a[text()=' Logged in as ']/b[text()='sreehari aderu']}]
Capabilities {acceptInsecureCerts: false, browserName: chrome, browserVersion: 141.0.7390.78, chrome: {chromedriverVersion: 141.0.7390.78 (2b53b0e231fc..., userDataDir: C:\Users\sreehari\AppData\L...}, fedcm:accounts: true, goog:chromeOptions: {debuggerAddress: localhost:53202}, networkConnectionEnabled: false, pageLoadStrategy: normal, platformName: windows, proxy: Proxy(), se:cdp: ws://localhost:53202/devtoo..., se:cdpVersion: 141.0.7390.78, setWindowRect: true, strictFileInteractability: false, timeouts: {implicit: 0, pageLoad: 300000, script: 30000}, unhandledPromptBehavior: dismiss and notify, webauthn:extension:credBlob: true, webauthn:extension:largeBlob: true, webauthn:extension:minPinLength: true, webauthn:extension:prf: true, webauthn:virtualAuthenticators: true}
Session ID: 5f3df906b69cb0c0238929fd77cc0685
2025-10-19 01:08:47.507 [main] INFO  com.poc.lib.TestAllureReportListener - Attaching screenshot file to Allure: C:\Users\sreehari\eclipse-workspace\poc\.\screenshots\Login_ValidationSun-Oct-19-01-08-47-IST-2025.png (77526 bytes)
2025-10-19 01:08:47.606 [main] INFO  com.poc.base.AbstractBaseTest - Screenshot captured for failed method Login_Validation
2025-10-19 01:08:47.606 [main] INFO  com.poc.base.AbstractBaseTest - Login_Validation failed and captured the screenshot.
2025-10-19 01:08:47.606 [main] INFO  com.poc.base.AbstractBaseTest - -------------------------------------------------------
2025-10-19 01:08:48.422 [main] INFO  com.poc.base.AbstractBaseTest - Chrome browser is launched
2025-10-19 01:08:54.359 [main] INFO  com.poc.base.AbstractBaseTest - Logout_Validation executed successfully.
2025-10-19 01:08:54.360 [main] INFO  com.poc.base.AbstractBaseTest - -------------------------------------------------------
2025-10-19 01:08:55.173 [main] INFO  com.poc.base.AbstractBaseTest - Chrome browser is launched
2025-10-19 01:08:59.653 [main] INFO  com.poc.base.AbstractBaseTest - Product_Quantity_In_Cart_Validation executed successfully.
2025-10-19 01:08:59.654 [main] INFO  com.poc.base.AbstractBaseTest - -------------------------------------------------------
2025-10-19 01:09:00.456 [main] INFO  com.poc.base.AbstractBaseTest - Chrome browser is launched
2025-10-19 01:09:08.608 [main] INFO  com.poc.base.AbstractBaseTest - Register_User_Validation executed successfully.
2025-10-19 01:09:08.608 [main] INFO  com.poc.base.AbstractBaseTest - -------------------------------------------------------
2025-10-19 01:09:09.461 [main] INFO  com.poc.base.AbstractBaseTest - Chrome browser is launched
2025-10-19 01:09:12.785 [main] INFO  com.poc.base.AbstractBaseTest - Register_User_With_Existing_Email_Validation executed successfully.
2025-10-19 01:09:12.786 [main] INFO  com.poc.base.AbstractBaseTest - -------------------------------------------------------
2025-10-19 01:09:13.579 [main] INFO  com.poc.base.AbstractBaseTest - Chrome browser is launched
2025-10-19 01:09:17.442 [main] INFO  com.poc.base.AbstractBaseTest - Recommended product Winter Top added successfully to cart
2025-10-19 01:09:18.118 [main] INFO  com.poc.base.AbstractBaseTest - Remove_Product_From_Cart_Validation executed successfully.
2025-10-19 01:09:18.118 [main] INFO  com.poc.base.AbstractBaseTest - -------------------------------------------------------
2025-10-19 01:09:18.921 [main] INFO  com.poc.base.AbstractBaseTest - Chrome browser is launched
2025-10-19 01:09:21.739 [main] INFO  com.poc.base.AbstractBaseTest - Scroll_Up_Without_Using_Arrow_And_Scroll_down_Validation executed successfully.
2025-10-19 01:09:21.740 [main] INFO  com.poc.base.AbstractBaseTest - -------------------------------------------------------
2025-10-19 01:09:22.543 [main] INFO  com.poc.base.AbstractBaseTest - Chrome browser is launched
2025-10-19 01:09:24.890 [main] INFO  com.poc.base.AbstractBaseTest - Scroll_Up_using_Arrow_And_Scroll_down_Validation executed successfully.
2025-10-19 01:09:24.890 [main] INFO  com.poc.base.AbstractBaseTest - -------------------------------------------------------
2025-10-19 01:09:25.706 [main] INFO  com.poc.base.AbstractBaseTest - Chrome browser is launched
2025-10-19 01:09:32.924 [main] INFO  com.poc.base.AbstractBaseTest - Search_Products_Validation executed successfully.
2025-10-19 01:09:32.924 [main] INFO  com.poc.base.AbstractBaseTest - -------------------------------------------------------
2025-10-19 01:09:33.863 [main] INFO  com.poc.base.AbstractBaseTest - Chrome browser is launched
2025-10-19 01:09:36.257 [main] INFO  com.poc.base.AbstractBaseTest - Subscription_Validation executed successfully.
2025-10-19 01:09:36.258 [main] INFO  com.poc.base.AbstractBaseTest - -------------------------------------------------------
2025-10-19 01:09:37.130 [main] INFO  com.poc.base.AbstractBaseTest - Chrome browser is launched
2025-10-19 01:09:40.595 [main] INFO  com.poc.base.AbstractBaseTest - Testcases_Page_Validation executed successfully.
2025-10-19 01:09:40.595 [main] INFO  com.poc.base.AbstractBaseTest - -------------------------------------------------------
2025-10-19 01:09:41.418 [main] INFO  com.poc.base.AbstractBaseTest - Chrome browser is launched
2025-10-19 01:09:49.903 [main] INFO  com.poc.base.AbstractBaseTest - View_Brand_Products_Validation executed successfully.
2025-10-19 01:09:49.903 [main] INFO  com.poc.base.AbstractBaseTest - -------------------------------------------------------
2025-10-19 01:09:50.837 [main] INFO  com.poc.base.AbstractBaseTest - Chrome browser is launched
2025-10-19 01:10:01.226 [main] INFO  com.poc.base.AbstractBaseTest - View_Category_Products_Validation executed successfully.
2025-10-19 01:10:01.226 [main] INFO  com.poc.base.AbstractBaseTest - -------------------------------------------------------
2025-10-19 01:10:02.115 [main] INFO  com.poc.base.AbstractBaseTest - Chrome browser is launched
2025-10-19 01:10:05.946 [main] INFO  com.poc.base.AbstractBaseTest - scubscription_In_Cart_Page_Validation executed successfully.
2025-10-19 01:10:05.947 [main] INFO  com.poc.base.AbstractBaseTest - -------------------------------------------------------
2025-10-19 01:15:18.572 [main] INFO  com.poc.base.AbstractBaseTest - Chrome browser is launched
2025-10-19 01:15:37.700 [main] INFO  com.poc.base.AbstractBaseTest - Add_Products_To_Cart_Validation executed successfully.
2025-10-19 01:15:37.700 [main] INFO  com.poc.base.AbstractBaseTest - -------------------------------------------------------
2025-10-19 01:15:38.507 [main] INFO  com.poc.base.AbstractBaseTest - Chrome browser is launched
2025-10-19 01:15:40.659 [main] ERROR com.poc.pages.Poc_Home_page - Recommended product Wnter Top not found with exception: no such element: Unable to locate element: {"method":"xpath","selector":"//div[@class='recommended_items']//p[text()='Wnter Top']//parent::div/a"}
  (Session info: chrome=141.0.7390.78)
For documentation on this error, please visit: https://www.selenium.dev/documentation/webdriver/troubleshooting/errors#no-such-element-exception
Build info: version: '4.34.0', revision: '707dcb4246*'
System info: os.name: 'Windows 10', os.arch: 'amd64', os.version: '10.0', java.version: '21.0.8'
Driver info: org.openqa.selenium.chrome.ChromeDriver
Command: [948c1365a381e2fee1bfd943a1614c3f, findElement {value=//div[@class='recommended_items']//p[text()='Wnter Top']//parent::div/a, using=xpath}]
Capabilities {acceptInsecureCerts: false, browserName: chrome, browserVersion: 141.0.7390.78, chrome: {chromedriverVersion: 141.0.7390.78 (2b53b0e231fc..., userDataDir: C:\Users\sreehari\AppData\L...}, fedcm:accounts: true, goog:chromeOptions: {debuggerAddress: localhost:53708}, networkConnectionEnabled: false, pageLoadStrategy: normal, platformName: windows, proxy: Proxy(), se:cdp: ws://localhost:53708/devtoo..., se:cdpVersion: 141.0.7390.78, setWindowRect: true, strictFileInteractability: false, timeouts: {implicit: 0, pageLoad: 300000, script: 30000}, unhandledPromptBehavior: dismiss and notify, webauthn:extension:credBlob: true, webauthn:extension:largeBlob: true, webauthn:extension:minPinLength: true, webauthn:extension:prf: true, webauthn:virtualAuthenticators: true}
Session ID: 948c1365a381e2fee1bfd943a1614c3f
2025-10-19 01:15:40.806 [main] INFO  com.poc.lib.TestAllureReportListener - Attaching screenshot file to Allure: C:\Users\sreehari\eclipse-workspace\poc\.\screenshots\Add_Recommended_Products_ValidationSun-Oct-19-01-15-40-IST-2025.png (125841 bytes)
2025-10-19 01:15:40.935 [main] INFO  com.poc.base.AbstractBaseTest - Screenshot captured for failed method Add_Recommended_Products_Validation
2025-10-19 01:15:40.935 [main] INFO  com.poc.base.AbstractBaseTest - Add_Recommended_Products_Validation failed and captured the screenshot.
2025-10-19 01:15:40.935 [main] INFO  com.poc.base.AbstractBaseTest - -------------------------------------------------------
2025-10-19 01:15:41.671 [main] INFO  com.poc.base.AbstractBaseTest - Chrome browser is launched
2025-10-19 01:15:52.222 [main] INFO  com.poc.base.AbstractBaseTest - Recommended product Stylish Dress added successfully to cart
2025-10-19 01:15:52.225 [main] INFO  com.poc.base.AbstractBaseTest - Add_Recommended_Products_Validation executed successfully.
2025-10-19 01:15:52.225 [main] INFO  com.poc.base.AbstractBaseTest - -------------------------------------------------------
2025-10-19 01:15:52.996 [main] INFO  com.poc.base.AbstractBaseTest - Chrome browser is launched
2025-10-19 01:15:56.986 [main] INFO  com.poc.base.AbstractBaseTest - Recommended product Summer White Top added successfully to cart
2025-10-19 01:15:56.990 [main] INFO  com.poc.base.AbstractBaseTest - Add_Recommended_Products_Validation executed successfully.
2025-10-19 01:15:56.990 [main] INFO  com.poc.base.AbstractBaseTest - -------------------------------------------------------
2025-10-19 01:15:57.747 [main] INFO  com.poc.base.AbstractBaseTest - Chrome browser is launched
2025-10-19 01:16:02.030 [main] INFO  com.poc.base.AbstractBaseTest - Add_Review_On_Product_Validation executed successfully.
2025-10-19 01:16:02.030 [main] INFO  com.poc.base.AbstractBaseTest - -------------------------------------------------------
2025-10-19 01:16:02.793 [main] INFO  com.poc.base.AbstractBaseTest - Chrome browser is launched
2025-10-19 01:16:07.952 [main] INFO  com.poc.base.AbstractBaseTest - Contact_Us_Form_Validation executed successfully.
2025-10-19 01:16:07.952 [main] INFO  com.poc.base.AbstractBaseTest - -------------------------------------------------------
2025-10-19 01:16:08.722 [main] INFO  com.poc.base.AbstractBaseTest - Chrome browser is launched
2025-10-19 01:16:12.345 [main] INFO  com.poc.base.AbstractBaseTest - Invalid_Login_Validation executed successfully.
2025-10-19 01:16:12.345 [main] INFO  com.poc.base.AbstractBaseTest - -------------------------------------------------------
2025-10-19 01:16:13.067 [main] INFO  com.poc.base.AbstractBaseTest - Chrome browser is launched
2025-10-19 01:16:16.506 [main] ERROR com.poc.pages.Poc_AccountInfo_Page - User login check failed with exception: no such element: Unable to locate element: {"method":"xpath","selector":"//a[text()=' Logged in as ']/b[text()='sreehari aderu']"}
  (Session info: chrome=141.0.7390.78)
For documentation on this error, please visit: https://www.selenium.dev/documentation/webdriver/troubleshooting/errors#no-such-element-exception
Build info: version: '4.34.0', revision: '707dcb4246*'
System info: os.name: 'Windows 10', os.arch: 'amd64', os.version: '10.0', java.version: '21.0.8'
Driver info: org.openqa.selenium.chrome.ChromeDriver
Command: [2f13b4800ef711ec7b45b0349da54c37, findElement {value=//a[text()=' Logged in as ']/b[text()='sreehari aderu'], using=xpath}]
Capabilities {acceptInsecureCerts: false, browserName: chrome, browserVersion: 141.0.7390.78, chrome: {chromedriverVersion: 141.0.7390.78 (2b53b0e231fc..., userDataDir: C:\Users\sreehari\AppData\L...}, fedcm:accounts: true, goog:chromeOptions: {debuggerAddress: localhost:53874}, networkConnectionEnabled: false, pageLoadStrategy: normal, platformName: windows, proxy: Proxy(), se:cdp: ws://localhost:53874/devtoo..., se:cdpVersion: 141.0.7390.78, setWindowRect: true, strictFileInteractability: false, timeouts: {implicit: 0, pageLoad: 300000, script: 30000}, unhandledPromptBehavior: dismiss and notify, webauthn:extension:credBlob: true, webauthn:extension:largeBlob: true, webauthn:extension:minPinLength: true, webauthn:extension:prf: true, webauthn:virtualAuthenticators: true}
Session ID: 2f13b4800ef711ec7b45b0349da54c37
2025-10-19 01:16:16.597 [main] INFO  com.poc.lib.TestAllureReportListener - Attaching screenshot file to Allure: C:\Users\sreehari\eclipse-workspace\poc\.\screenshots\Login_ValidationSun-Oct-19-01-16-16-IST-2025.png (19443 bytes)
2025-10-19 01:16:16.688 [main] INFO  com.poc.base.AbstractBaseTest - Screenshot captured for failed method Login_Validation
2025-10-19 01:16:16.688 [main] INFO  com.poc.base.AbstractBaseTest - Login_Validation failed and captured the screenshot.
2025-10-19 01:16:16.688 [main] INFO  com.poc.base.AbstractBaseTest - -------------------------------------------------------
2025-10-19 01:16:17.467 [main] INFO  com.poc.base.AbstractBaseTest - Chrome browser is launched
2025-10-19 01:16:24.025 [main] INFO  com.poc.base.AbstractBaseTest - Logout_Validation executed successfully.
2025-10-19 01:16:24.025 [main] INFO  com.poc.base.AbstractBaseTest - -------------------------------------------------------
2025-10-19 01:16:24.763 [main] INFO  com.poc.base.AbstractBaseTest - Chrome browser is launched
2025-10-19 01:16:29.468 [main] INFO  com.poc.base.AbstractBaseTest - Product_Quantity_In_Cart_Validation executed successfully.
2025-10-19 01:16:29.469 [main] INFO  com.poc.base.AbstractBaseTest - -------------------------------------------------------
2025-10-19 01:16:30.209 [main] INFO  com.poc.base.AbstractBaseTest - Chrome browser is launched
2025-10-19 01:16:38.175 [main] INFO  com.poc.base.AbstractBaseTest - Register_User_Validation executed successfully.
2025-10-19 01:16:38.175 [main] INFO  com.poc.base.AbstractBaseTest - -------------------------------------------------------
2025-10-19 01:16:38.953 [main] INFO  com.poc.base.AbstractBaseTest - Chrome browser is launched
2025-10-19 01:16:42.514 [main] INFO  com.poc.base.AbstractBaseTest - Register_User_With_Existing_Email_Validation executed successfully.
2025-10-19 01:16:42.514 [main] INFO  com.poc.base.AbstractBaseTest - -------------------------------------------------------
2025-10-19 01:16:43.265 [main] INFO  com.poc.base.AbstractBaseTest - Chrome browser is launched
2025-10-19 01:16:47.966 [main] INFO  com.poc.base.AbstractBaseTest - Recommended product Winter Top added successfully to cart
2025-10-19 01:16:48.645 [main] INFO  com.poc.base.AbstractBaseTest - Remove_Product_From_Cart_Validation executed successfully.
2025-10-19 01:16:48.645 [main] INFO  com.poc.base.AbstractBaseTest - -------------------------------------------------------
2025-10-19 01:16:49.418 [main] INFO  com.poc.base.AbstractBaseTest - Chrome browser is launched
2025-10-19 01:16:51.482 [main] INFO  com.poc.base.AbstractBaseTest - Scroll_Up_Without_Using_Arrow_And_Scroll_down_Validation executed successfully.
2025-10-19 01:16:51.482 [main] INFO  com.poc.base.AbstractBaseTest - -------------------------------------------------------
2025-10-19 01:16:52.221 [main] INFO  com.poc.base.AbstractBaseTest - Chrome browser is launched
2025-10-19 01:16:54.940 [main] INFO  com.poc.base.AbstractBaseTest - Scroll_Up_using_Arrow_And_Scroll_down_Validation executed successfully.
2025-10-19 01:16:54.940 [main] INFO  com.poc.base.AbstractBaseTest - -------------------------------------------------------
2025-10-19 01:16:55.684 [main] INFO  com.poc.base.AbstractBaseTest - Chrome browser is launched
2025-10-19 01:17:01.811 [main] INFO  com.poc.base.AbstractBaseTest - Search_Products_Validation executed successfully.
2025-10-19 01:17:01.811 [main] INFO  com.poc.base.AbstractBaseTest - -------------------------------------------------------
2025-10-19 01:17:02.619 [main] INFO  com.poc.base.AbstractBaseTest - Chrome browser is launched
2025-10-19 01:17:04.679 [main] INFO  com.poc.base.AbstractBaseTest - Subscription_Validation executed successfully.
2025-10-19 01:17:04.680 [main] INFO  com.poc.base.AbstractBaseTest - -------------------------------------------------------
2025-10-19 01:17:05.402 [main] INFO  com.poc.base.AbstractBaseTest - Chrome browser is launched
2025-10-19 01:17:08.082 [main] INFO  com.poc.base.AbstractBaseTest - Testcases_Page_Validation executed successfully.
2025-10-19 01:17:08.083 [main] INFO  com.poc.base.AbstractBaseTest - -------------------------------------------------------
2025-10-19 01:17:08.824 [main] INFO  com.poc.base.AbstractBaseTest - Chrome browser is launched
2025-10-19 01:17:13.429 [main] INFO  com.poc.base.AbstractBaseTest - View_Brand_Products_Validation executed successfully.
2025-10-19 01:17:13.429 [main] INFO  com.poc.base.AbstractBaseTest - -------------------------------------------------------
2025-10-19 01:17:14.152 [main] INFO  com.poc.base.AbstractBaseTest - Chrome browser is launched
2025-10-19 01:17:23.951 [main] INFO  com.poc.base.AbstractBaseTest - View_Category_Products_Validation executed successfully.
2025-10-19 01:17:23.951 [main] INFO  com.poc.base.AbstractBaseTest - -------------------------------------------------------
2025-10-19 01:17:24.708 [main] INFO  com.poc.base.AbstractBaseTest - Chrome browser is launched
2025-10-19 01:17:28.127 [main] INFO  com.poc.base.AbstractBaseTest - scubscription_In_Cart_Page_Validation executed successfully.
2025-10-19 01:17:28.127 [main] INFO  com.poc.base.AbstractBaseTest - -------------------------------------------------------
2025-10-19 22:29:05.839 [main] INFO  com.poc.base.AbstractBaseTest - Chrome browser is launched
2025-10-19 22:29:15.493 [main] INFO  com.poc.base.AbstractBaseTest - Add_Products_To_Cart_Validation executed successfully.
2025-10-19 22:29:15.493 [main] INFO  com.poc.base.AbstractBaseTest - -------------------------------------------------------
2025-10-19 22:29:16.268 [main] INFO  com.poc.base.AbstractBaseTest - Chrome browser is launched
2025-10-19 22:29:17.854 [main] ERROR com.poc.pages.Poc_Home_page - Recommended product Wnter Top not found with exception: no such element: Unable to locate element: {"method":"xpath","selector":"//div[@class='recommended_items']//p[text()='Wnter Top']//parent::div/a"}
  (Session info: chrome=141.0.7390.108)
For documentation on this error, please visit: https://www.selenium.dev/documentation/webdriver/troubleshooting/errors#no-such-element-exception
Build info: version: '4.34.0', revision: '707dcb4246*'
System info: os.name: 'Windows 10', os.arch: 'amd64', os.version: '10.0', java.version: '21.0.8'
Driver info: org.openqa.selenium.chrome.ChromeDriver
Command: [bc8526855ad7c6277cf58db850959ec1, findElement {value=//div[@class='recommended_items']//p[text()='Wnter Top']//parent::div/a, using=xpath}]
Capabilities {acceptInsecureCerts: false, browserName: chrome, browserVersion: 141.0.7390.108, chrome: {chromedriverVersion: 141.0.7390.78 (2b53b0e231fc..., userDataDir: C:\Users\sreehari\AppData\L...}, fedcm:accounts: true, goog:chromeOptions: {debuggerAddress: localhost:58279}, networkConnectionEnabled: false, pageLoadStrategy: normal, platformName: windows, proxy: Proxy(), se:cdp: ws://localhost:58279/devtoo..., se:cdpVersion: 141.0.7390.108, setWindowRect: true, strictFileInteractability: false, timeouts: {implicit: 0, pageLoad: 300000, script: 30000}, unhandledPromptBehavior: dismiss and notify, webauthn:extension:credBlob: true, webauthn:extension:largeBlob: true, webauthn:extension:minPinLength: true, webauthn:extension:prf: true, webauthn:virtualAuthenticators: true}
Session ID: bc8526855ad7c6277cf58db850959ec1
2025-10-19 22:29:17.994 [main] INFO  com.poc.lib.TestAllureReportListener - Attaching screenshot file to Allure: C:\Users\sreehari\eclipse-workspace\poc\.\screenshots\Add_Recommended_Products_ValidationSun-Oct-19-22-29-17-IST-2025.png (125843 bytes)
2025-10-19 22:29:18.120 [main] INFO  com.poc.base.AbstractBaseTest - Screenshot captured for failed method Add_Recommended_Products_Validation
2025-10-19 22:29:18.121 [main] INFO  com.poc.base.AbstractBaseTest - Add_Recommended_Products_Validation failed and captured the screenshot.
2025-10-19 22:29:18.121 [main] INFO  com.poc.base.AbstractBaseTest - -------------------------------------------------------
2025-10-19 22:29:18.873 [main] INFO  com.poc.base.AbstractBaseTest - Chrome browser is launched
2025-10-19 22:29:22.840 [main] INFO  com.poc.base.AbstractBaseTest - Recommended product Stylish Dress added successfully to cart
2025-10-19 22:29:22.844 [main] INFO  com.poc.base.AbstractBaseTest - Add_Recommended_Products_Validation executed successfully.
2025-10-19 22:29:22.844 [main] INFO  com.poc.base.AbstractBaseTest - -------------------------------------------------------
2025-10-19 22:29:23.614 [main] INFO  com.poc.base.AbstractBaseTest - Chrome browser is launched
2025-10-19 22:29:27.586 [main] INFO  com.poc.base.AbstractBaseTest - Recommended product Summer White Top added successfully to cart
2025-10-19 22:29:27.589 [main] INFO  com.poc.base.AbstractBaseTest - Add_Recommended_Products_Validation executed successfully.
2025-10-19 22:29:27.590 [main] INFO  com.poc.base.AbstractBaseTest - -------------------------------------------------------
2025-10-19 22:29:28.366 [main] INFO  com.poc.base.AbstractBaseTest - Chrome browser is launched
2025-10-19 22:29:34.128 [main] INFO  com.poc.base.AbstractBaseTest - Add_Review_On_Product_Validation executed successfully.
2025-10-19 22:29:34.128 [main] INFO  com.poc.base.AbstractBaseTest - -------------------------------------------------------
2025-10-19 22:29:34.892 [main] INFO  com.poc.base.AbstractBaseTest - Chrome browser is launched
2025-10-19 22:29:39.572 [main] INFO  com.poc.base.AbstractBaseTest - Contact_Us_Form_Validation executed successfully.
2025-10-19 22:29:39.572 [main] INFO  com.poc.base.AbstractBaseTest - -------------------------------------------------------
2025-10-19 22:29:40.332 [main] INFO  com.poc.base.AbstractBaseTest - Chrome browser is launched
2025-10-19 22:29:43.796 [main] INFO  com.poc.base.AbstractBaseTest - Invalid_Login_Validation executed successfully.
2025-10-19 22:29:43.796 [main] INFO  com.poc.base.AbstractBaseTest - -------------------------------------------------------
2025-10-19 22:29:44.568 [main] INFO  com.poc.base.AbstractBaseTest - Chrome browser is launched
2025-10-19 22:29:48.156 [main] ERROR com.poc.pages.Poc_AccountInfo_Page - User login check failed with exception: no such element: Unable to locate element: {"method":"xpath","selector":"//a[text()=' Logged in as ']/b[text()='sreehari aderu']"}
  (Session info: chrome=141.0.7390.108)
For documentation on this error, please visit: https://www.selenium.dev/documentation/webdriver/troubleshooting/errors#no-such-element-exception
Build info: version: '4.34.0', revision: '707dcb4246*'
System info: os.name: 'Windows 10', os.arch: 'amd64', os.version: '10.0', java.version: '21.0.8'
Driver info: org.openqa.selenium.chrome.ChromeDriver
Command: [cc6c96d0e2c9422594b4856b6c5726f0, findElement {value=//a[text()=' Logged in as ']/b[text()='sreehari aderu'], using=xpath}]
Capabilities {acceptInsecureCerts: false, browserName: chrome, browserVersion: 141.0.7390.108, chrome: {chromedriverVersion: 141.0.7390.78 (2b53b0e231fc..., userDataDir: C:\Users\sreehari\AppData\L...}, fedcm:accounts: true, goog:chromeOptions: {debuggerAddress: localhost:58425}, networkConnectionEnabled: false, pageLoadStrategy: normal, platformName: windows, proxy: Proxy(), se:cdp: ws://localhost:58425/devtoo..., se:cdpVersion: 141.0.7390.108, setWindowRect: true, strictFileInteractability: false, timeouts: {implicit: 0, pageLoad: 300000, script: 30000}, unhandledPromptBehavior: dismiss and notify, webauthn:extension:credBlob: true, webauthn:extension:largeBlob: true, webauthn:extension:minPinLength: true, webauthn:extension:prf: true, webauthn:virtualAuthenticators: true}
Session ID: cc6c96d0e2c9422594b4856b6c5726f0
2025-10-19 22:29:48.245 [main] INFO  com.poc.lib.TestAllureReportListener - Attaching screenshot file to Allure: C:\Users\sreehari\eclipse-workspace\poc\.\screenshots\Login_ValidationSun-Oct-19-22-29-48-IST-2025.png (19443 bytes)
2025-10-19 22:29:48.346 [main] INFO  com.poc.base.AbstractBaseTest - Screenshot captured for failed method Login_Validation
2025-10-19 22:29:48.346 [main] INFO  com.poc.base.AbstractBaseTest - Login_Validation failed and captured the screenshot.
2025-10-19 22:29:48.346 [main] INFO  com.poc.base.AbstractBaseTest - -------------------------------------------------------
2025-10-19 22:29:49.081 [main] INFO  com.poc.base.AbstractBaseTest - Chrome browser is launched
2025-10-19 22:29:56.674 [main] INFO  com.poc.base.AbstractBaseTest - Logout_Validation executed successfully.
2025-10-19 22:29:56.674 [main] INFO  com.poc.base.AbstractBaseTest - -------------------------------------------------------
2025-10-19 22:29:57.437 [main] INFO  com.poc.base.AbstractBaseTest - Chrome browser is launched
2025-10-19 22:30:02.089 [main] INFO  com.poc.base.AbstractBaseTest - Product_Quantity_In_Cart_Validation executed successfully.
2025-10-19 22:30:02.089 [main] INFO  com.poc.base.AbstractBaseTest - -------------------------------------------------------
2025-10-19 22:30:02.842 [main] INFO  com.poc.base.AbstractBaseTest - Chrome browser is launched
2025-10-19 22:30:10.386 [main] INFO  com.poc.base.AbstractBaseTest - Register_User_Validation executed successfully.
2025-10-19 22:30:10.387 [main] INFO  com.poc.base.AbstractBaseTest - -------------------------------------------------------
2025-10-19 22:30:11.146 [main] INFO  com.poc.base.AbstractBaseTest - Chrome browser is launched
2025-10-19 22:30:13.971 [main] INFO  com.poc.base.AbstractBaseTest - Register_User_With_Existing_Email_Validation executed successfully.
2025-10-19 22:30:13.972 [main] INFO  com.poc.base.AbstractBaseTest - -------------------------------------------------------
2025-10-19 22:30:14.724 [main] INFO  com.poc.base.AbstractBaseTest - Chrome browser is launched
2025-10-19 22:30:18.862 [main] INFO  com.poc.base.AbstractBaseTest - Recommended product Winter Top added successfully to cart
2025-10-19 22:30:19.552 [main] INFO  com.poc.base.AbstractBaseTest - Remove_Product_From_Cart_Validation executed successfully.
2025-10-19 22:30:19.552 [main] INFO  com.poc.base.AbstractBaseTest - -------------------------------------------------------
2025-10-19 22:30:20.316 [main] INFO  com.poc.base.AbstractBaseTest - Chrome browser is launched
2025-10-19 22:30:22.354 [main] INFO  com.poc.base.AbstractBaseTest - Scroll_Up_Without_Using_Arrow_And_Scroll_down_Validation executed successfully.
2025-10-19 22:30:22.354 [main] INFO  com.poc.base.AbstractBaseTest - -------------------------------------------------------
2025-10-19 22:30:23.092 [main] INFO  com.poc.base.AbstractBaseTest - Chrome browser is launched
2025-10-19 22:30:25.551 [main] INFO  com.poc.base.AbstractBaseTest - Scroll_Up_using_Arrow_And_Scroll_down_Validation executed successfully.
2025-10-19 22:30:25.551 [main] INFO  com.poc.base.AbstractBaseTest - -------------------------------------------------------
2025-10-19 22:30:26.310 [main] INFO  com.poc.base.AbstractBaseTest - Chrome browser is launched
2025-10-19 22:30:32.900 [main] INFO  com.poc.base.AbstractBaseTest - Search_Products_Validation executed successfully.
2025-10-19 22:30:32.901 [main] INFO  com.poc.base.AbstractBaseTest - -------------------------------------------------------
2025-10-19 22:30:33.654 [main] INFO  com.poc.base.AbstractBaseTest - Chrome browser is launched
2025-10-19 22:30:36.153 [main] INFO  com.poc.base.AbstractBaseTest - Subscription_Validation executed successfully.
2025-10-19 22:30:36.153 [main] INFO  com.poc.base.AbstractBaseTest - -------------------------------------------------------
2025-10-19 22:30:36.925 [main] INFO  com.poc.base.AbstractBaseTest - Chrome browser is launched
2025-10-19 22:30:40.290 [main] INFO  com.poc.base.AbstractBaseTest - Testcases_Page_Validation executed successfully.
2025-10-19 22:30:40.290 [main] INFO  com.poc.base.AbstractBaseTest - -------------------------------------------------------
2025-10-19 22:30:41.038 [main] INFO  com.poc.base.AbstractBaseTest - Chrome browser is launched
2025-10-19 22:30:46.750 [main] INFO  com.poc.base.AbstractBaseTest - View_Brand_Products_Validation executed successfully.
2025-10-19 22:30:46.750 [main] INFO  com.poc.base.AbstractBaseTest - -------------------------------------------------------
2025-10-19 22:30:47.521 [main] INFO  com.poc.base.AbstractBaseTest - Chrome browser is launched
2025-10-19 22:30:57.517 [main] INFO  com.poc.base.AbstractBaseTest - View_Category_Products_Validation executed successfully.
2025-10-19 22:30:57.517 [main] INFO  com.poc.base.AbstractBaseTest - -------------------------------------------------------
2025-10-19 22:30:58.317 [main] INFO  com.poc.base.AbstractBaseTest - Chrome browser is launched
2025-10-19 22:31:01.407 [main] INFO  com.poc.base.AbstractBaseTest - scubscription_In_Cart_Page_Validation executed successfully.
2025-10-19 22:31:01.407 [main] INFO  com.poc.base.AbstractBaseTest - -------------------------------------------------------
2025-10-19 22:40:53.903 [main] INFO  com.poc.base.AbstractBaseTest - Chrome browser is launched
2025-10-19 22:41:03.326 [main] INFO  com.poc.base.AbstractBaseTest - Add_Products_To_Cart_Validation executed successfully.
2025-10-19 22:41:03.326 [main] INFO  com.poc.base.AbstractBaseTest - -------------------------------------------------------
2025-10-19 22:41:04.122 [main] INFO  com.poc.base.AbstractBaseTest - Chrome browser is launched
2025-10-19 22:41:06.896 [main] ERROR com.poc.pages.Poc_Home_page - Recommended product Wnter Top not found with exception: no such element: Unable to locate element: {"method":"xpath","selector":"//div[@class='recommended_items']//p[text()='Wnter Top']//parent::div/a"}
  (Session info: chrome=141.0.7390.108)
For documentation on this error, please visit: https://www.selenium.dev/documentation/webdriver/troubleshooting/errors#no-such-element-exception
Build info: version: '4.34.0', revision: '707dcb4246*'
System info: os.name: 'Windows 10', os.arch: 'amd64', os.version: '10.0', java.version: '17.0.12'
Driver info: org.openqa.selenium.chrome.ChromeDriver
Command: [4952b5a0465c570853a6dd5dcd59b09f, findElement {using=xpath, value=//div[@class='recommended_items']//p[text()='Wnter Top']//parent::div/a}]
Capabilities {acceptInsecureCerts: false, browserName: chrome, browserVersion: 141.0.7390.108, chrome: {chromedriverVersion: 141.0.7390.78 (2b53b0e231fc..., userDataDir: C:\Users\sreehari\AppData\L...}, fedcm:accounts: true, goog:chromeOptions: {debuggerAddress: localhost:58826}, networkConnectionEnabled: false, pageLoadStrategy: normal, platformName: windows, proxy: Proxy(), se:cdp: ws://localhost:58826/devtoo..., se:cdpVersion: 141.0.7390.108, setWindowRect: true, strictFileInteractability: false, timeouts: {implicit: 0, pageLoad: 300000, script: 30000}, unhandledPromptBehavior: dismiss and notify, webauthn:extension:credBlob: true, webauthn:extension:largeBlob: true, webauthn:extension:minPinLength: true, webauthn:extension:prf: true, webauthn:virtualAuthenticators: true}
Session ID: 4952b5a0465c570853a6dd5dcd59b09f
2025-10-19 22:41:07.050 [main] INFO  com.poc.lib.TestAllureReportListener - Attaching screenshot file to Allure: C:\Users\sreehari\eclipse-workspace\poc\.\screenshots\Add_Recommended_Products_ValidationSun-Oct-19-22-41-06-IST-2025.png (125836 bytes)
2025-10-19 22:41:07.155 [main] INFO  com.poc.base.AbstractBaseTest - Screenshot captured for failed method Add_Recommended_Products_Validation
2025-10-19 22:41:07.155 [main] INFO  com.poc.base.AbstractBaseTest - Add_Recommended_Products_Validation failed and captured the screenshot.
2025-10-19 22:41:07.155 [main] INFO  com.poc.base.AbstractBaseTest - -------------------------------------------------------
2025-10-19 22:41:07.927 [main] INFO  com.poc.base.AbstractBaseTest - Chrome browser is launched
2025-10-19 22:41:12.313 [main] INFO  com.poc.base.AbstractBaseTest - Recommended product Stylish Dress added successfully to cart
2025-10-19 22:41:12.316 [main] INFO  com.poc.base.AbstractBaseTest - Add_Recommended_Products_Validation executed successfully.
2025-10-19 22:41:12.316 [main] INFO  com.poc.base.AbstractBaseTest - -------------------------------------------------------
2025-10-19 22:41:13.071 [main] INFO  com.poc.base.AbstractBaseTest - Chrome browser is launched
2025-10-19 22:41:16.265 [main] INFO  com.poc.base.AbstractBaseTest - Recommended product Summer White Top added successfully to cart
2025-10-19 22:41:16.267 [main] INFO  com.poc.base.AbstractBaseTest - Add_Recommended_Products_Validation executed successfully.
2025-10-19 22:41:16.267 [main] INFO  com.poc.base.AbstractBaseTest - -------------------------------------------------------
2025-10-19 22:41:17.058 [main] INFO  com.poc.base.AbstractBaseTest - Chrome browser is launched
2025-10-19 22:41:24.044 [main] INFO  com.poc.base.AbstractBaseTest - Add_Review_On_Product_Validation executed successfully.
2025-10-19 22:41:24.045 [main] INFO  com.poc.base.AbstractBaseTest - -------------------------------------------------------
2025-10-19 22:41:24.816 [main] INFO  com.poc.base.AbstractBaseTest - Chrome browser is launched
2025-10-19 22:41:30.851 [main] INFO  com.poc.base.AbstractBaseTest - Contact_Us_Form_Validation executed successfully.
2025-10-19 22:41:30.851 [main] INFO  com.poc.base.AbstractBaseTest - -------------------------------------------------------
2025-10-19 22:41:31.622 [main] INFO  com.poc.base.AbstractBaseTest - Chrome browser is launched
2025-10-19 22:41:35.272 [main] INFO  com.poc.base.AbstractBaseTest - Invalid_Login_Validation executed successfully.
2025-10-19 22:41:35.272 [main] INFO  com.poc.base.AbstractBaseTest - -------------------------------------------------------
2025-10-19 22:41:36.022 [main] INFO  com.poc.base.AbstractBaseTest - Chrome browser is launched
2025-10-19 22:41:39.133 [main] ERROR com.poc.pages.Poc_AccountInfo_Page - User login check failed with exception: no such element: Unable to locate element: {"method":"xpath","selector":"//a[text()=' Logged in as ']/b[text()='sreehari aderu']"}
  (Session info: chrome=141.0.7390.108)
For documentation on this error, please visit: https://www.selenium.dev/documentation/webdriver/troubleshooting/errors#no-such-element-exception
Build info: version: '4.34.0', revision: '707dcb4246*'
System info: os.name: 'Windows 10', os.arch: 'amd64', os.version: '10.0', java.version: '17.0.12'
Driver info: org.openqa.selenium.chrome.ChromeDriver
Command: [4927d3e0cfa491e2cb92d054bb8be212, findElement {using=xpath, value=//a[text()=' Logged in as ']/b[text()='sreehari aderu']}]
Capabilities {acceptInsecureCerts: false, browserName: chrome, browserVersion: 141.0.7390.108, chrome: {chromedriverVersion: 141.0.7390.78 (2b53b0e231fc..., userDataDir: C:\Users\sreehari\AppData\L...}, fedcm:accounts: true, goog:chromeOptions: {debuggerAddress: localhost:58972}, networkConnectionEnabled: false, pageLoadStrategy: normal, platformName: windows, proxy: Proxy(), se:cdp: ws://localhost:58972/devtoo..., se:cdpVersion: 141.0.7390.108, setWindowRect: true, strictFileInteractability: false, timeouts: {implicit: 0, pageLoad: 300000, script: 30000}, unhandledPromptBehavior: dismiss and notify, webauthn:extension:credBlob: true, webauthn:extension:largeBlob: true, webauthn:extension:minPinLength: true, webauthn:extension:prf: true, webauthn:virtualAuthenticators: true}
Session ID: 4927d3e0cfa491e2cb92d054bb8be212
2025-10-19 22:41:39.236 [main] INFO  com.poc.lib.TestAllureReportListener - Attaching screenshot file to Allure: C:\Users\sreehari\eclipse-workspace\poc\.\screenshots\Login_ValidationSun-Oct-19-22-41-39-IST-2025.png (19443 bytes)
2025-10-19 22:41:39.325 [main] INFO  com.poc.base.AbstractBaseTest - Screenshot captured for failed method Login_Validation
2025-10-19 22:41:39.325 [main] INFO  com.poc.base.AbstractBaseTest - Login_Validation failed and captured the screenshot.
2025-10-19 22:41:39.325 [main] INFO  com.poc.base.AbstractBaseTest - -------------------------------------------------------
2025-10-19 22:41:40.081 [main] INFO  com.poc.base.AbstractBaseTest - Chrome browser is launched
2025-10-19 22:41:43.548 [main] ERROR com.poc.pages.Poc_AccountInfo_Page - User login check failed with exception: no such element: Unable to locate element: {"method":"xpath","selector":"//a[text()=' Logged in as ']/b[text()='sreehari aderu']"}
  (Session info: chrome=141.0.7390.108)
For documentation on this error, please visit: https://www.selenium.dev/documentation/webdriver/troubleshooting/errors#no-such-element-exception
Build info: version: '4.34.0', revision: '707dcb4246*'
System info: os.name: 'Windows 10', os.arch: 'amd64', os.version: '10.0', java.version: '17.0.12'
Driver info: org.openqa.selenium.chrome.ChromeDriver
Command: [54bc61cade54a5ff57016760946bb90e, findElement {using=xpath, value=//a[text()=' Logged in as ']/b[text()='sreehari aderu']}]
Capabilities {acceptInsecureCerts: false, browserName: chrome, browserVersion: 141.0.7390.108, chrome: {chromedriverVersion: 141.0.7390.78 (2b53b0e231fc..., userDataDir: C:\Users\sreehari\AppData\L...}, fedcm:accounts: true, goog:chromeOptions: {debuggerAddress: localhost:58995}, networkConnectionEnabled: false, pageLoadStrategy: normal, platformName: windows, proxy: Proxy(), se:cdp: ws://localhost:58995/devtoo..., se:cdpVersion: 141.0.7390.108, setWindowRect: true, strictFileInteractability: false, timeouts: {implicit: 0, pageLoad: 300000, script: 30000}, unhandledPromptBehavior: dismiss and notify, webauthn:extension:credBlob: true, webauthn:extension:largeBlob: true, webauthn:extension:minPinLength: true, webauthn:extension:prf: true, webauthn:virtualAuthenticators: true}
Session ID: 54bc61cade54a5ff57016760946bb90e
2025-10-19 22:41:45.447 [main] INFO  com.poc.lib.TestAllureReportListener - Attaching screenshot file to Allure: C:\Users\sreehari\eclipse-workspace\poc\.\screenshots\Logout_ValidationSun-Oct-19-22-41-43-IST-2025.png (32729 bytes)
2025-10-19 22:41:45.523 [main] INFO  com.poc.base.AbstractBaseTest - Screenshot captured for failed method Logout_Validation
2025-10-19 22:41:45.523 [main] INFO  com.poc.base.AbstractBaseTest - Logout_Validation failed and captured the screenshot.
2025-10-19 22:41:45.523 [main] INFO  com.poc.base.AbstractBaseTest - -------------------------------------------------------
2025-10-19 22:41:46.274 [main] INFO  com.poc.base.AbstractBaseTest - Chrome browser is launched
2025-10-19 22:41:57.363 [main] INFO  com.poc.base.AbstractBaseTest - Product_Quantity_In_Cart_Validation executed successfully.
2025-10-19 22:41:57.363 [main] INFO  com.poc.base.AbstractBaseTest - -------------------------------------------------------
2025-10-19 22:41:58.115 [main] INFO  com.poc.base.AbstractBaseTest - Chrome browser is launched
2025-10-19 22:42:06.113 [main] INFO  com.poc.base.AbstractBaseTest - Register_User_Validation executed successfully.
2025-10-19 22:42:06.113 [main] INFO  com.poc.base.AbstractBaseTest - -------------------------------------------------------
2025-10-19 22:42:06.877 [main] INFO  com.poc.base.AbstractBaseTest - Chrome browser is launched
2025-10-19 22:42:10.207 [main] INFO  com.poc.base.AbstractBaseTest - Register_User_With_Existing_Email_Validation executed successfully.
2025-10-19 22:42:10.207 [main] INFO  com.poc.base.AbstractBaseTest - -------------------------------------------------------
2025-10-19 22:42:10.958 [main] INFO  com.poc.base.AbstractBaseTest - Chrome browser is launched
2025-10-19 22:42:14.720 [main] INFO  com.poc.base.AbstractBaseTest - Recommended product Winter Top added successfully to cart
2025-10-19 22:42:15.407 [main] INFO  com.poc.base.AbstractBaseTest - Remove_Product_From_Cart_Validation executed successfully.
2025-10-19 22:42:15.407 [main] INFO  com.poc.base.AbstractBaseTest - -------------------------------------------------------
2025-10-19 22:42:16.174 [main] INFO  com.poc.base.AbstractBaseTest - Chrome browser is launched
2025-10-19 22:42:18.755 [main] INFO  com.poc.base.AbstractBaseTest - Scroll_Up_Without_Using_Arrow_And_Scroll_down_Validation executed successfully.
2025-10-19 22:42:18.756 [main] INFO  com.poc.base.AbstractBaseTest - -------------------------------------------------------
2025-10-19 22:42:19.509 [main] INFO  com.poc.base.AbstractBaseTest - Chrome browser is launched
2025-10-19 22:42:21.878 [main] INFO  com.poc.base.AbstractBaseTest - Scroll_Up_using_Arrow_And_Scroll_down_Validation executed successfully.
2025-10-19 22:42:21.878 [main] INFO  com.poc.base.AbstractBaseTest - -------------------------------------------------------
2025-10-19 22:42:22.620 [main] INFO  com.poc.base.AbstractBaseTest - Chrome browser is launched
2025-10-19 22:42:27.811 [main] INFO  com.poc.base.AbstractBaseTest - Search_Products_Validation executed successfully.
2025-10-19 22:42:27.812 [main] INFO  com.poc.base.AbstractBaseTest - -------------------------------------------------------
2025-10-19 22:42:28.565 [main] INFO  com.poc.base.AbstractBaseTest - Chrome browser is launched
2025-10-19 22:42:30.546 [main] INFO  com.poc.base.AbstractBaseTest - Subscription_Validation executed successfully.
2025-10-19 22:42:30.547 [main] INFO  com.poc.base.AbstractBaseTest - -------------------------------------------------------
2025-10-19 22:42:31.301 [main] INFO  com.poc.base.AbstractBaseTest - Chrome browser is launched
2025-10-19 22:42:34.301 [main] INFO  com.poc.base.AbstractBaseTest - Testcases_Page_Validation executed successfully.
2025-10-19 22:42:34.301 [main] INFO  com.poc.base.AbstractBaseTest - -------------------------------------------------------
2025-10-19 22:42:35.035 [main] INFO  com.poc.base.AbstractBaseTest - Chrome browser is launched
2025-10-19 22:42:41.543 [main] INFO  com.poc.base.AbstractBaseTest - View_Brand_Products_Validation executed successfully.
2025-10-19 22:42:41.544 [main] INFO  com.poc.base.AbstractBaseTest - -------------------------------------------------------
2025-10-19 22:42:42.309 [main] INFO  com.poc.base.AbstractBaseTest - Chrome browser is launched
2025-10-19 22:42:53.603 [main] INFO  com.poc.base.AbstractBaseTest - View_Category_Products_Validation executed successfully.
2025-10-19 22:42:53.603 [main] INFO  com.poc.base.AbstractBaseTest - -------------------------------------------------------
2025-10-19 22:42:54.372 [main] INFO  com.poc.base.AbstractBaseTest - Chrome browser is launched
2025-10-19 22:42:57.081 [main] INFO  com.poc.base.AbstractBaseTest - scubscription_In_Cart_Page_Validation executed successfully.
2025-10-19 22:42:57.081 [main] INFO  com.poc.base.AbstractBaseTest - -------------------------------------------------------
