2025-10-13 18:13:27.015 [main] INFO  com.poc.base.AbstractBaseTest - Chrome browser is launched
2025-10-13 18:13:29.628 [main] ERROR com.poc.pages.Poc_Home_page - Recommended product Wnter Top not found with exception: no such element: Unable to locate element: {"method":"xpath","selector":"//div[@class='recommended_items']//p[text()='Wnter Top']//parent::div/a"}
  (Session info: chrome=141.0.7390.67)
For documentation on this error, please visit: https://www.selenium.dev/documentation/webdriver/troubleshooting/errors#no-such-element-exception
Build info: version: '4.34.0', revision: '707dcb4246*'
System info: os.name: 'Windows 10', os.arch: 'amd64', os.version: '10.0', java.version: '21.0.8'
Driver info: org.openqa.selenium.chrome.ChromeDriver
Command: [42eae688b06c790580d19b215aec39d1, findElement {using=xpath, value=//div[@class='recommended_items']//p[text()='Wnter Top']//parent::div/a}]
Capabilities {acceptInsecureCerts: false, browserName: chrome, browserVersion: 141.0.7390.67, chrome: {chromedriverVersion: 141.0.7390.76 (d6fcfbb51aac..., userDataDir: C:\Users\sreehari\AppData\L...}, fedcm:accounts: true, goog:chromeOptions: {debuggerAddress: localhost:54392}, networkConnectionEnabled: false, pageLoadStrategy: normal, platformName: windows, proxy: Proxy(), se:cdp: ws://localhost:54392/devtoo..., se:cdpVersion: 141.0.7390.67, setWindowRect: true, strictFileInteractability: false, timeouts: {implicit: 0, pageLoad: 300000, script: 30000}, unhandledPromptBehavior: dismiss and notify, webauthn:extension:credBlob: true, webauthn:extension:largeBlob: true, webauthn:extension:minPinLength: true, webauthn:extension:prf: true, webauthn:virtualAuthenticators: true}
Session ID: 42eae688b06c790580d19b215aec39d1
2025-10-13 18:13:30.437 [main] INFO  com.poc.base.AbstractBaseTest - Chrome browser is launched
2025-10-13 18:13:33.809 [main] INFO  com.poc.base.AbstractBaseTest - Recommended product Stylish Dress added successfully to cart
2025-10-13 18:13:34.643 [main] INFO  com.poc.base.AbstractBaseTest - Chrome browser is launched
2025-10-13 18:13:38.983 [main] INFO  com.poc.base.AbstractBaseTest - Recommended product Summer White Top added successfully to cart
2025-10-13 22:56:03.573 [main] INFO  com.poc.base.AbstractBaseTest - Chrome browser is launched
2025-10-13 22:58:37.294 [main] INFO  com.poc.base.AbstractBaseTest - Chrome browser is launched
2025-10-13 23:00:44.602 [main] INFO  com.poc.base.AbstractBaseTest - Chrome browser is launched
2025-10-13 23:01:19.522 [main] INFO  com.poc.base.AbstractBaseTest - Chrome browser is launched
2025-10-13 23:14:27.598 [main] INFO  com.poc.base.AbstractBaseTest - Chrome browser is launched
2025-10-13 23:19:28.331 [main] INFO  com.poc.base.AbstractBaseTest - Chrome browser is launched
2025-10-13 23:19:29.147 [main] INFO  com.poc.base.AbstractBaseTest - Chrome browser is launched
2025-10-13 23:19:29.899 [main] INFO  com.poc.base.AbstractBaseTest - Chrome browser is launched
2025-10-13 23:23:10.467 [main] INFO  com.poc.base.AbstractBaseTest - Edge browser is launched
2025-10-13 23:23:11.604 [main] INFO  com.poc.base.AbstractBaseTest - Edge browser is launched
2025-10-13 23:23:12.884 [main] INFO  com.poc.base.AbstractBaseTest - Edge browser is launched
2025-10-13 23:24:21.490 [main] INFO  com.poc.base.AbstractBaseTest - Chrome browser is launched
2025-10-13 23:24:22.355 [main] INFO  com.poc.base.AbstractBaseTest - Chrome browser is launched
2025-10-13 23:24:23.192 [main] INFO  com.poc.base.AbstractBaseTest - Chrome browser is launched
2025-10-13 23:27:39.429 [main] INFO  com.poc.base.AbstractBaseTest - Chrome browser is launched
2025-10-13 23:27:42.484 [main] ERROR com.poc.pages.Poc_Home_page - Recommended product Wnter Top not found with exception: no such element: Unable to locate element: {"method":"xpath","selector":"//div[@class='recommended_items']//p[text()='Wnter Top']//parent::div/a"}
  (Session info: chrome=141.0.7390.67)
For documentation on this error, please visit: https://www.selenium.dev/documentation/webdriver/troubleshooting/errors#no-such-element-exception
Build info: version: '4.34.0', revision: '707dcb4246*'
System info: os.name: 'Windows 10', os.arch: 'amd64', os.version: '10.0', java.version: '21.0.8'
Driver info: org.openqa.selenium.chrome.ChromeDriver
Command: [0147ed0daaddb7012158a60febd8a298, findElement {value=//div[@class='recommended_items']//p[text()='Wnter Top']//parent::div/a, using=xpath}]
Capabilities {acceptInsecureCerts: false, browserName: chrome, browserVersion: 141.0.7390.67, chrome: {chromedriverVersion: 141.0.7390.76 (d6fcfbb51aac..., userDataDir: C:\Users\sreehari\AppData\L...}, fedcm:accounts: true, goog:chromeOptions: {debuggerAddress: localhost:58177}, networkConnectionEnabled: false, pageLoadStrategy: normal, platformName: windows, proxy: Proxy(), se:cdp: ws://localhost:58177/devtoo..., se:cdpVersion: 141.0.7390.67, setWindowRect: true, strictFileInteractability: false, timeouts: {implicit: 0, pageLoad: 300000, script: 30000}, unhandledPromptBehavior: dismiss and notify, webauthn:extension:credBlob: true, webauthn:extension:largeBlob: true, webauthn:extension:minPinLength: true, webauthn:extension:prf: true, webauthn:virtualAuthenticators: true}
Session ID: 0147ed0daaddb7012158a60febd8a298
2025-10-13 23:27:43.326 [main] INFO  com.poc.base.AbstractBaseTest - Chrome browser is launched
2025-10-13 23:27:47.198 [main] INFO  com.poc.base.AbstractBaseTest - Recommended product Stylish Dress added successfully to cart
2025-10-13 23:27:48.027 [main] INFO  com.poc.base.AbstractBaseTest - Chrome browser is launched
2025-10-13 23:27:52.326 [main] INFO  com.poc.base.AbstractBaseTest - Recommended product Summer White Top added successfully to cart
2025-10-13 23:28:30.134 [main] INFO  com.poc.base.AbstractBaseTest - Chrome browser is launched
2025-10-13 23:28:33.997 [main] INFO  com.poc.base.AbstractBaseTest - Recommended product Winter Top added successfully to cart
2025-10-13 23:38:41.166 [main] INFO  com.poc.base.AbstractBaseTest - Chrome browser is launched
2025-10-13 23:38:46.221 [main] INFO  com.poc.base.AbstractBaseTest - Recommended product Winter Top added successfully to cart
2025-10-13 23:39:37.869 [main] INFO  com.poc.base.AbstractBaseTest - Chrome browser is launched
2025-10-13 23:39:42.751 [main] INFO  com.poc.base.AbstractBaseTest - Recommended product Winter Top added successfully to cart
2025-10-13 23:51:20.838 [main] INFO  com.poc.base.AbstractBaseTest - Chrome browser is launched
2025-10-13 23:51:27.730 [main] INFO  com.poc.base.AbstractBaseTest - Recommended product Winter Top added successfully to cart
